Added Component: Designator=C1(C 0402_L)
Added Component: Designator=C2(C 0402_L)
Added Component: Designator=C3(C 0402_L)
Added Component: Designator=C4(C 0402_L)
Added Component: Designator=C5(C 0402_L)
Added Component: Designator=C6(C 0402_L)
Added Component: Designator=C7(C 0402_L)
Added Component: Designator=C8(C 0603_L)
Added Component: Designator=C9(C 0402_L)
Added Component: Designator=C10(C 0603_L)
Added Component: Designator=C11(C 0402_L)
Added Component: Designator=C12(C 0402_L)
Added Component: Designator=C13(C 0402_L)
Added Component: Designator=C14(C 0402_L)
Added Component: Designator=C15(C 0402_L)
Added Component: Designator=C16(C 0402_L)
Added Component: Designator=C17(C 0402_L)
Added Component: Designator=C18(C 0402_L)
Added Component: Designator=C19(C 0402_L)
Added Component: Designator=C20(C 0402_L)
Added Component: Designator=C21(C 0402_L)
Added Component: Designator=C22(C 0402_L)
Added Component: Designator=C23(C 0402_L)
Added Component: Designator=C24(C 0603_L)
Added Component: Designator=C25(C 0402_L)
Added Component: Designator=C26(C 0402_L)
Added Component: Designator=C27(C 0402_L)
Added Component: Designator=C28(C 0805_L)
Added Component: Designator=C29(C 0805_L)
Added Component: Designator=C30(C 0402_L)
Added Component: Designator=C31(C 0402_L)
Added Component: Designator=C32(C 0805_L)
Added Component: Designator=C33(C 0805_L)
Added Component: Designator=C34(C 0402_L)
Added Component: Designator=C35(C 0402_L)
Added Component: Designator=C36(C 0402_L)
Added Component: Designator=C37(C 0603_L)
Added Component: Designator=C38(C 0402_L)
Added Component: Designator=C39(C 0805_L)
Added Component: Designator=DS1(Z320IT010)
Added Component: Designator=JP1(HDR2.54-WS-4P)
Added Component: Designator=L1(L 0402)
Added Component: Designator=L2(L 0603)
Added Component: Designator=LED1(LED_0603)
Added Component: Designator=LS1(BEEP 5020)
Added Component: Designator=M1(ESP-M3)
Added Component: Designator=Q1(SOT23-3n)
Added Component: Designator=Q2(SOT23-3n)
Added Component: Designator=R1(R 0402_L)
Added Component: Designator=R2(R 0402_L)
Added Component: Designator=R3(R 0402_L)
Added Component: Designator=R4(RCA-8P4R-0402)
Added Component: Designator=R5(R 0402_L)
Added Component: Designator=R6(R 0402_L)
Added Component: Designator=R7(R 0402_L)
Added Component: Designator=R8(R 0402_L)
Added Component: Designator=R9(R 0402_L)
Added Component: Designator=R10(R 0402_L)
Added Component: Designator=R11(R 0402_L)
Added Component: Designator=R12(R 0402_L)
Added Component: Designator=R13(R 0402_L)
Added Component: Designator=R14(R 0402_L)
Added Component: Designator=R15(R 0402_L)
Added Component: Designator=R16(R 0402_L)
Added Component: Designator=R17(R 0402_L)
Added Component: Designator=R18(R 0402_L)
Added Component: Designator=R19(R 0402_L)
Added Component: Designator=R20(R 0402_L)
Added Component: Designator=R21(R 0402_L)
Added Component: Designator=R22(R 0402_L)
Added Component: Designator=R23(R 0402_L)
Added Component: Designator=R24(R 0402_L)
Added Component: Designator=R25(R 0402_L)
Added Component: Designator=R26(R 0402_L)
Added Component: Designator=R27(R 0402_L)
Added Component: Designator=R28(R 0402_L)
Added Component: Designator=R29(R 0402_L)
Added Component: Designator=S1(MSK-12C01-07)
Added Component: Designator=SW1(¹ê×Ð 3*4)
Added Component: Designator=SW2(¹ê×Ð 3*4)
Added Component: Designator=SW3(¹ê×Ð 3*4)
Added Component: Designator=U1(WSON-8_5X6MM)
Added Component: Designator=U2(MSOP10_N)
Added Component: Designator=U3(LQFP48_N)
Added Component: Designator=U4(SOT23-5N)
Added Component: Designator=U5(QFN8)
Added Component: Designator=U6(DFN-8_L2.5-W2.5-P0.50-BL-EP)
Added Component: Designator=U7(QFN28 5x5_N)
Added Component: Designator=USB1(USB-TYPE-C_16PIN-MALE-TYPE-C-31-M-12)
Added Component: Designator=X1(OSC HC-49S)
Added Component: Designator=X2(FC-135)
Added Pin To Net: NetName=+3.3A Pin=C20-2
Added Pin To Net: NetName=+3.3A Pin=L1-2
Added Pin To Net: NetName=+3.3A Pin=U3-9
Added Net: Name=+3.3A
Added Pin To Net: NetName=+3.3 Pin=C1-1
Added Pin To Net: NetName=+3.3 Pin=C2-1
Added Pin To Net: NetName=+3.3 Pin=C3-1
Added Pin To Net: NetName=+3.3 Pin=C8-1
Added Pin To Net: NetName=+3.3 Pin=C9-1
Added Pin To Net: NetName=+3.3 Pin=C10-1
Added Pin To Net: NetName=+3.3 Pin=C16-2
Added Pin To Net: NetName=+3.3 Pin=C17-2
Added Pin To Net: NetName=+3.3 Pin=C18-2
Added Pin To Net: NetName=+3.3 Pin=C19-2
Added Pin To Net: NetName=+3.3 Pin=C21-2
Added Pin To Net: NetName=+3.3 Pin=C22-2
Added Pin To Net: NetName=+3.3 Pin=C31-1
Added Pin To Net: NetName=+3.3 Pin=C33-1
Added Pin To Net: NetName=+3.3 Pin=C34-2
Added Pin To Net: NetName=+3.3 Pin=C35-1
Added Pin To Net: NetName=+3.3 Pin=C36-2
Added Pin To Net: NetName=+3.3 Pin=C37-2
Added Pin To Net: NetName=+3.3 Pin=C38-2
Added Pin To Net: NetName=+3.3 Pin=C39-2
Added Pin To Net: NetName=+3.3 Pin=DS1-9
Added Pin To Net: NetName=+3.3 Pin=DS1-10
Added Pin To Net: NetName=+3.3 Pin=JP1-1
Added Pin To Net: NetName=+3.3 Pin=L1-1
Added Pin To Net: NetName=+3.3 Pin=L2-2
Added Pin To Net: NetName=+3.3 Pin=LED1-1
Added Pin To Net: NetName=+3.3 Pin=LS1-1
Added Pin To Net: NetName=+3.3 Pin=M1-5
Added Pin To Net: NetName=+3.3 Pin=R1-2
Added Pin To Net: NetName=+3.3 Pin=R2-2
Added Pin To Net: NetName=+3.3 Pin=R3-2
Added Pin To Net: NetName=+3.3 Pin=R7-2
Added Pin To Net: NetName=+3.3 Pin=R8-2
Added Pin To Net: NetName=+3.3 Pin=R9-2
Added Pin To Net: NetName=+3.3 Pin=R27-1
Added Pin To Net: NetName=+3.3 Pin=R28-1
Added Pin To Net: NetName=+3.3 Pin=R29-1
Added Pin To Net: NetName=+3.3 Pin=SW2-1
Added Pin To Net: NetName=+3.3 Pin=SW3-1
Added Pin To Net: NetName=+3.3 Pin=U1-3
Added Pin To Net: NetName=+3.3 Pin=U1-7
Added Pin To Net: NetName=+3.3 Pin=U1-8
Added Pin To Net: NetName=+3.3 Pin=U2-1
Added Pin To Net: NetName=+3.3 Pin=U3-1
Added Pin To Net: NetName=+3.3 Pin=U3-24
Added Pin To Net: NetName=+3.3 Pin=U3-48
Added Pin To Net: NetName=+3.3 Pin=U5-4
Added Pin To Net: NetName=+3.3 Pin=U6-5
Added Pin To Net: NetName=+3.3 Pin=U6-6
Added Pin To Net: NetName=+3.3 Pin=U7-6
Added Pin To Net: NetName=+3.3 Pin=U7-7
Added Pin To Net: NetName=+3.3 Pin=U7-8
Added Net: Name=+3.3
Added Pin To Net: NetName=+5 Pin=C26-1
Added Pin To Net: NetName=+5 Pin=C28-1
Added Pin To Net: NetName=+5 Pin=C29-1
Added Pin To Net: NetName=+5 Pin=C30-1
Added Pin To Net: NetName=+5 Pin=R24-1
Added Pin To Net: NetName=+5 Pin=U4-1
Added Pin To Net: NetName=+5 Pin=U5-7
Added Net: Name=+5
Added Pin To Net: NetName=BEEP Pin=R14-1
Added Pin To Net: NetName=BEEP Pin=R16-2
Added Net: Name=BEEP
Added Pin To Net: NetName=BOOT0 Pin=R10-2
Added Pin To Net: NetName=BOOT0 Pin=U3-44
Added Net: Name=BOOT0
Added Pin To Net: NetName=GND Pin=C1-2
Added Pin To Net: NetName=GND Pin=C2-2
Added Pin To Net: NetName=GND Pin=C3-2
Added Pin To Net: NetName=GND Pin=C4-2
Added Pin To Net: NetName=GND Pin=C5-2
Added Pin To Net: NetName=GND Pin=C6-2
Added Pin To Net: NetName=GND Pin=C7-2
Added Pin To Net: NetName=GND Pin=C8-2
Added Pin To Net: NetName=GND Pin=C9-2
Added Pin To Net: NetName=GND Pin=C10-2
Added Pin To Net: NetName=GND Pin=C11-1
Added Pin To Net: NetName=GND Pin=C12-1
Added Pin To Net: NetName=GND Pin=C13-1
Added Pin To Net: NetName=GND Pin=C14-1
Added Pin To Net: NetName=GND Pin=C15-1
Added Pin To Net: NetName=GND Pin=C16-1
Added Pin To Net: NetName=GND Pin=C17-1
Added Pin To Net: NetName=GND Pin=C18-1
Added Pin To Net: NetName=GND Pin=C19-1
Added Pin To Net: NetName=GND Pin=C20-1
Added Pin To Net: NetName=GND Pin=C23-2
Added Pin To Net: NetName=GND Pin=C24-2
Added Pin To Net: NetName=GND Pin=C25-2
Added Pin To Net: NetName=GND Pin=C26-2
Added Pin To Net: NetName=GND Pin=C27-2
Added Pin To Net: NetName=GND Pin=C28-2
Added Pin To Net: NetName=GND Pin=C29-2
Added Pin To Net: NetName=GND Pin=C30-2
Added Pin To Net: NetName=GND Pin=C31-2
Added Pin To Net: NetName=GND Pin=C32-2
Added Pin To Net: NetName=GND Pin=C33-2
Added Pin To Net: NetName=GND Pin=C35-2
Added Pin To Net: NetName=GND Pin=C36-1
Added Pin To Net: NetName=GND Pin=C37-1
Added Pin To Net: NetName=GND Pin=C38-1
Added Pin To Net: NetName=GND Pin=C39-1
Added Pin To Net: NetName=GND Pin=DS1-1
Added Pin To Net: NetName=GND Pin=DS1-8
Added Pin To Net: NetName=GND Pin=JP1-4
Added Pin To Net: NetName=GND Pin=M1-6
Added Pin To Net: NetName=GND Pin=Q1-2
Added Pin To Net: NetName=GND Pin=Q2-2
Added Pin To Net: NetName=GND Pin=R6-1
Added Pin To Net: NetName=GND Pin=R10-1
Added Pin To Net: NetName=GND Pin=R13-1
Added Pin To Net: NetName=GND Pin=R16-1
Added Pin To Net: NetName=GND Pin=R17-1
Added Pin To Net: NetName=GND Pin=R19-2
Added Pin To Net: NetName=GND Pin=R20-2
Added Pin To Net: NetName=GND Pin=R21-1
Added Pin To Net: NetName=GND Pin=R22-1
Added Pin To Net: NetName=GND Pin=R23-2
Added Pin To Net: NetName=GND Pin=R26-2
Added Pin To Net: NetName=GND Pin=S1-1
Added Pin To Net: NetName=GND Pin=SW1-1
Added Pin To Net: NetName=GND Pin=U1-4
Added Pin To Net: NetName=GND Pin=U2-6
Added Pin To Net: NetName=GND Pin=U2-8
Added Pin To Net: NetName=GND Pin=U3-8
Added Pin To Net: NetName=GND Pin=U3-23
Added Pin To Net: NetName=GND Pin=U3-47
Added Pin To Net: NetName=GND Pin=U4-2
Added Pin To Net: NetName=GND Pin=U5-3
Added Pin To Net: NetName=GND Pin=U5-5
Added Pin To Net: NetName=GND Pin=U6-2
Added Pin To Net: NetName=GND Pin=U6-7
Added Pin To Net: NetName=GND Pin=U6-8
Added Pin To Net: NetName=GND Pin=U6-9
Added Pin To Net: NetName=GND Pin=U7-3
Added Pin To Net: NetName=GND Pin=U7-29
Added Pin To Net: NetName=GND Pin=USB1-A1
Added Pin To Net: NetName=GND Pin=USB1-A12
Added Pin To Net: NetName=GND Pin=USB1-B1
Added Pin To Net: NetName=GND Pin=USB1-B12
Added Net: Name=GND
Added Pin To Net: NetName=I2C1_SCL Pin=R9-1
Added Pin To Net: NetName=I2C1_SCL Pin=U2-10
Added Pin To Net: NetName=I2C1_SCL Pin=U3-21
Added Pin To Net: NetName=I2C1_SCL Pin=U6-4
Added Net: Name=I2C1_SCL
Added Pin To Net: NetName=I2C1_SDA Pin=R8-1
Added Pin To Net: NetName=I2C1_SDA Pin=U2-9
Added Pin To Net: NetName=I2C1_SDA Pin=U3-22
Added Pin To Net: NetName=I2C1_SDA Pin=U6-1
Added Net: Name=I2C1_SDA
Added Pin To Net: NetName=KEY1 Pin=R11-1
Added Pin To Net: NetName=KEY1 Pin=U3-10
Added Net: Name=KEY1
Added Pin To Net: NetName=KEY2 Pin=R15-1
Added Pin To Net: NetName=KEY2 Pin=U3-11
Added Net: Name=KEY2
Added Pin To Net: NetName=NetC4_1 Pin=C4-1
Added Pin To Net: NetName=NetC4_1 Pin=DS1-15
Added Pin To Net: NetName=NetC4_1 Pin=U2-2
Added Net: Name=NetC4_1
Added Pin To Net: NetName=NetC5_1 Pin=C5-1
Added Pin To Net: NetName=NetC5_1 Pin=DS1-16
Added Pin To Net: NetName=NetC5_1 Pin=U2-3
Added Net: Name=NetC5_1
Added Pin To Net: NetName=NetC6_1 Pin=C6-1
Added Pin To Net: NetName=NetC6_1 Pin=DS1-17
Added Pin To Net: NetName=NetC6_1 Pin=U2-4
Added Net: Name=NetC6_1
Added Pin To Net: NetName=NetC7_1 Pin=C7-1
Added Pin To Net: NetName=NetC7_1 Pin=DS1-18
Added Pin To Net: NetName=NetC7_1 Pin=U2-5
Added Net: Name=NetC7_1
Added Pin To Net: NetName=NetC21_1 Pin=C21-1
Added Pin To Net: NetName=NetC21_1 Pin=R11-2
Added Pin To Net: NetName=NetC21_1 Pin=R13-2
Added Pin To Net: NetName=NetC21_1 Pin=SW2-2
Added Net: Name=NetC21_1
Added Pin To Net: NetName=NetC22_1 Pin=C22-1
Added Pin To Net: NetName=NetC22_1 Pin=R15-2
Added Pin To Net: NetName=NetC22_1 Pin=R17-2
Added Pin To Net: NetName=NetC22_1 Pin=SW3-2
Added Net: Name=NetC22_1
Added Pin To Net: NetName=NetC27_1 Pin=C27-1
Added Pin To Net: NetName=NetC27_1 Pin=R20-1
Added Pin To Net: NetName=NetC27_1 Pin=USB1-0
Added Pin To Net: NetName=NetC27_1 Pin=USB1-0
Added Pin To Net: NetName=NetC27_1 Pin=USB1-0
Added Pin To Net: NetName=NetC27_1 Pin=USB1-0
Added Net: Name=NetC27_1
Added Pin To Net: NetName=NetC32_1 Pin=C32-1
Added Pin To Net: NetName=NetC32_1 Pin=R25-1
Added Net: Name=NetC32_1
Added Pin To Net: NetName=NetC34_1 Pin=C34-1
Added Pin To Net: NetName=NetC34_1 Pin=R25-2
Added Pin To Net: NetName=NetC34_1 Pin=R26-1
Added Pin To Net: NetName=NetC34_1 Pin=U5-2
Added Net: Name=NetC34_1
Added Pin To Net: NetName=NetDS1_2 Pin=DS1-2
Added Pin To Net: NetName=NetDS1_2 Pin=R3-1
Added Net: Name=NetDS1_2
Added Pin To Net: NetName=NetDS1_4 Pin=DS1-4
Added Net: Name=NetDS1_4
Added Pin To Net: NetName=NetDS1_5 Pin=DS1-5
Added Pin To Net: NetName=NetDS1_5 Pin=R2-1
Added Net: Name=NetDS1_5
Added Pin To Net: NetName=NetDS1_11 Pin=DS1-11
Added Pin To Net: NetName=NetDS1_11 Pin=R4-8
Added Net: Name=NetDS1_11
Added Pin To Net: NetName=NetDS1_12 Pin=DS1-12
Added Pin To Net: NetName=NetDS1_12 Pin=R4-7
Added Net: Name=NetDS1_12
Added Pin To Net: NetName=NetDS1_13 Pin=DS1-13
Added Pin To Net: NetName=NetDS1_13 Pin=R4-6
Added Net: Name=NetDS1_13
Added Pin To Net: NetName=NetDS1_14 Pin=DS1-14
Added Pin To Net: NetName=NetDS1_14 Pin=R4-5
Added Net: Name=NetDS1_14
Added Pin To Net: NetName=NetL2_1 Pin=L2-1
Added Pin To Net: NetName=NetL2_1 Pin=U5-6
Added Net: Name=NetL2_1
Added Pin To Net: NetName=NetLED1_2 Pin=LED1-2
Added Pin To Net: NetName=NetLED1_2 Pin=R23-1
Added Net: Name=NetLED1_2
Added Pin To Net: NetName=NetLS1_2 Pin=LS1-2
Added Pin To Net: NetName=NetLS1_2 Pin=R12-2
Added Net: Name=NetLS1_2
Added Pin To Net: NetName=NetM1_4 Pin=M1-4
Added Pin To Net: NetName=NetM1_4 Pin=R28-2
Added Net: Name=NetM1_4
Added Pin To Net: NetName=NetM1_9 Pin=M1-9
Added Pin To Net: NetName=NetM1_9 Pin=R29-2
Added Net: Name=NetM1_9
Added Pin To Net: NetName=NetQ1_1 Pin=Q1-1
Added Pin To Net: NetName=NetQ1_1 Pin=R5-2
Added Net: Name=NetQ1_1
Added Pin To Net: NetName=NetQ1_3 Pin=Q1-3
Added Pin To Net: NetName=NetQ1_3 Pin=R4-1
Added Pin To Net: NetName=NetQ1_3 Pin=R4-2
Added Pin To Net: NetName=NetQ1_3 Pin=R4-3
Added Pin To Net: NetName=NetQ1_3 Pin=R4-4
Added Net: Name=NetQ1_3
Added Pin To Net: NetName=NetQ2_1 Pin=Q2-1
Added Pin To Net: NetName=NetQ2_1 Pin=R14-2
Added Net: Name=NetQ2_1
Added Pin To Net: NetName=NetQ2_3 Pin=Q2-3
Added Pin To Net: NetName=NetQ2_3 Pin=R12-1
Added Net: Name=NetQ2_3
Added Pin To Net: NetName=NetR1_1 Pin=R1-1
Added Pin To Net: NetName=NetR1_1 Pin=U1-1
Added Net: Name=NetR1_1
Added Pin To Net: NetName=NetR5_1 Pin=R5-1
Added Pin To Net: NetName=NetR5_1 Pin=R6-2
Added Net: Name=NetR5_1
Added Pin To Net: NetName=NetR18_2 Pin=R18-2
Added Pin To Net: NetName=NetR18_2 Pin=S1-3
Added Net: Name=NetR18_2
Added Pin To Net: NetName=NetR19_1 Pin=R19-1
Added Pin To Net: NetName=NetR19_1 Pin=U4-3
Added Net: Name=NetR19_1
Added Pin To Net: NetName=NetR21_2 Pin=R21-2
Added Pin To Net: NetName=NetR21_2 Pin=USB1-B5
Added Net: Name=NetR21_2
Added Pin To Net: NetName=NetR22_2 Pin=R22-2
Added Pin To Net: NetName=NetR22_2 Pin=USB1-A5
Added Net: Name=NetR22_2
Added Pin To Net: NetName=NetR24_2 Pin=R24-2
Added Pin To Net: NetName=NetR24_2 Pin=U5-1
Added Net: Name=NetR24_2
Added Pin To Net: NetName=NetR27_2 Pin=R27-2
Added Pin To Net: NetName=NetR27_2 Pin=U7-9
Added Net: Name=NetR27_2
Added Pin To Net: NetName=NetS1_2 Pin=S1-2
Added Pin To Net: NetName=NetS1_2 Pin=U4-4
Added Net: Name=NetS1_2
Added Pin To Net: NetName=NetU1_2 Pin=U1-2
Added Net: Name=NetU1_2
Added Pin To Net: NetName=NetU1_5 Pin=U1-5
Added Net: Name=NetU1_5
Added Pin To Net: NetName=NetU1_6 Pin=U1-6
Added Net: Name=NetU1_6
Added Pin To Net: NetName=NetU2_7 Pin=U2-7
Added Net: Name=NetU2_7
Added Pin To Net: NetName=NetU7_4 Pin=U7-4
Added Pin To Net: NetName=NetU7_4 Pin=USB1-A6
Added Pin To Net: NetName=NetU7_4 Pin=USB1-B6
Added Net: Name=NetU7_4
Added Pin To Net: NetName=NetU7_5 Pin=U7-5
Added Pin To Net: NetName=NetU7_5 Pin=USB1-A7
Added Pin To Net: NetName=NetU7_5 Pin=USB1-B7
Added Net: Name=NetU7_5
Added Pin To Net: NetName=NRST Pin=C14-2
Added Pin To Net: NetName=NRST Pin=R7-1
Added Pin To Net: NetName=NRST Pin=SW1-2
Added Pin To Net: NetName=NRST Pin=U3-7
Added Net: Name=NRST
Added Pin To Net: NetName=OSC32_IN Pin=C13-2
Added Pin To Net: NetName=OSC32_IN Pin=U3-3
Added Pin To Net: NetName=OSC32_IN Pin=X2-2
Added Net: Name=OSC32_IN
Added Pin To Net: NetName=OSC32_OUT Pin=C15-2
Added Pin To Net: NetName=OSC32_OUT Pin=U3-4
Added Pin To Net: NetName=OSC32_OUT Pin=X2-1
Added Net: Name=OSC32_OUT
Added Pin To Net: NetName=OSC_IN Pin=C11-2
Added Pin To Net: NetName=OSC_IN Pin=U3-5
Added Pin To Net: NetName=OSC_IN Pin=X1-2
Added Net: Name=OSC_IN
Added Pin To Net: NetName=OSC_OUT Pin=C12-2
Added Pin To Net: NetName=OSC_OUT Pin=U3-6
Added Pin To Net: NetName=OSC_OUT Pin=X1-1
Added Net: Name=OSC_OUT
Added Pin To Net: NetName=PA2 Pin=M1-8
Added Pin To Net: NetName=PA2 Pin=U3-12
Added Net: Name=PA2
Added Pin To Net: NetName=PA3 Pin=M1-7
Added Pin To Net: NetName=PA3 Pin=U3-13
Added Net: Name=PA3
Added Pin To Net: NetName=PA4 Pin=U3-14
Added Net: Name=PA4
Added Pin To Net: NetName=PA5 Pin=DS1-3
Added Pin To Net: NetName=PA5 Pin=U3-15
Added Net: Name=PA5
Added Pin To Net: NetName=PA6 Pin=DS1-7
Added Pin To Net: NetName=PA6 Pin=U3-16
Added Net: Name=PA6
Added Pin To Net: NetName=PA7 Pin=DS1-6
Added Pin To Net: NetName=PA7 Pin=U3-17
Added Net: Name=PA7
Added Pin To Net: NetName=PA8 Pin=U3-29
Added Net: Name=PA8
Added Pin To Net: NetName=PA9 Pin=U3-30
Added Pin To Net: NetName=PA9 Pin=U7-25
Added Net: Name=PA9
Added Pin To Net: NetName=PA10 Pin=U3-31
Added Pin To Net: NetName=PA10 Pin=U7-26
Added Net: Name=PA10
Added Pin To Net: NetName=PA11 Pin=U3-32
Added Net: Name=PA11
Added Pin To Net: NetName=PA12 Pin=U3-33
Added Net: Name=PA12
Added Pin To Net: NetName=PA15 Pin=U3-38
Added Net: Name=PA15
Added Pin To Net: NetName=PB0 Pin=U3-18
Added Net: Name=PB0
Added Pin To Net: NetName=PB1 Pin=U3-19
Added Net: Name=PB1
Added Pin To Net: NetName=PB2 Pin=U3-20
Added Net: Name=PB2
Added Pin To Net: NetName=PB3 Pin=U3-39
Added Net: Name=PB3
Added Pin To Net: NetName=PB4 Pin=U3-40
Added Net: Name=PB4
Added Pin To Net: NetName=PB5 Pin=U3-41
Added Net: Name=PB5
Added Pin To Net: NetName=PB6 Pin=U3-42
Added Net: Name=PB6
Added Pin To Net: NetName=PB7 Pin=U3-43
Added Net: Name=PB7
Added Pin To Net: NetName=PB8 Pin=U3-45
Added Net: Name=PB8
Added Pin To Net: NetName=PB9 Pin=U3-46
Added Net: Name=PB9
Added Pin To Net: NetName=PB12 Pin=U3-25
Added Net: Name=PB12
Added Pin To Net: NetName=PB13 Pin=U3-26
Added Net: Name=PB13
Added Pin To Net: NetName=PB14 Pin=U3-27
Added Net: Name=PB14
Added Pin To Net: NetName=PB15 Pin=U3-28
Added Net: Name=PB15
Added Pin To Net: NetName=PC13 Pin=U3-2
Added Net: Name=PC13
Added Pin To Net: NetName=PF6 Pin=U3-35
Added Net: Name=PF6
Added Pin To Net: NetName=PF7 Pin=U3-36
Added Net: Name=PF7
Added Pin To Net: NetName=SWCLK Pin=JP1-3
Added Pin To Net: NetName=SWCLK Pin=U3-37
Added Net: Name=SWCLK
Added Pin To Net: NetName=SWDIO Pin=JP1-2
Added Pin To Net: NetName=SWDIO Pin=U3-34
Added Net: Name=SWDIO
Added Pin To Net: NetName=VBUS Pin=C23-1
Added Pin To Net: NetName=VBUS Pin=C24-1
Added Pin To Net: NetName=VBUS Pin=C25-1
Added Pin To Net: NetName=VBUS Pin=R18-1
Added Pin To Net: NetName=VBUS Pin=U4-5
Added Pin To Net: NetName=VBUS Pin=USB1-A4
Added Pin To Net: NetName=VBUS Pin=USB1-A9
Added Pin To Net: NetName=VBUS Pin=USB1-B4
Added Pin To Net: NetName=VBUS Pin=USB1-B9
Added Net: Name=VBUS
Added Class: Name=Flash
Added Class: Name=LCD
Added Class: Name=MCU
Added Class: Name=Temperature
Added Class: Name=UartUSB
Added Class: Name=USB&Power
Added Class: Name=WIFI
Added Room: Name=Flash
Added Room: Name=LCD
Added Room: Name=MCU
Added Room: Name=Temperature
Added Room: Name=UartUSB
Added Room: Name=USB&Power
Added Room: Name=WIFI
