Added Component: Designator=DS1(Z320IT010)
Added Pin To Net: NetName=GND Pin=DS1-1
Added Pin To Net: NetName=NetDS1_2 Pin=DS1-2
Added Pin To Net: NetName=PA5 Pin=DS1-3
Added Pin To Net: NetName=NetDS1_4 Pin=DS1-4
Added Pin To Net: NetName=NetDS1_5 Pin=DS1-5
Added Pin To Net: NetName=PA7 Pin=DS1-6
Added Pin To Net: NetName=PA6 Pin=DS1-7
Added Pin To Net: NetName=GND Pin=DS1-8
Added Pin To Net: NetName=+3.3 Pin=DS1-9
Added Pin To Net: NetName=+3.3 Pin=DS1-10
Added Pin To Net: NetName=NetDS1_11 Pin=DS1-11
Added Pin To Net: NetName=NetDS1_12 Pin=DS1-12
Added Pin To Net: NetName=NetDS1_13 Pin=DS1-13
Added Pin To Net: NetName=NetDS1_14 Pin=DS1-14
Added Pin To Net: NetName=NetC4_1 Pin=DS1-15
Added Pin To Net: NetName=NetC5_1 Pin=DS1-16
Added Pin To Net: NetName=NetC6_1 Pin=DS1-17
Added Pin To Net: NetName=NetC7_1 Pin=DS1-18
Added Member To Class: ClassName=LCD Member=Component DS1 Z320IT010
Added Room: Name=LCD
