Change Physical Footprint: Designator=C1 Old Footprint=C 0402_L New Footprint=C 0402_L
Change Physical Footprint: Designator=C2 Old Footprint=C 0402_L New Footprint=C 0402_L
Change Physical Footprint: Designator=C3 Old Footprint=C 0402_L New Footprint=C 0402_L
Change Physical Footprint: Designator=C4 Old Footprint=C 0402_L New Footprint=C 0402_L
Change Physical Footprint: Designator=C5 Old Footprint=C 0402_L New Footprint=C 0402_L
Change Physical Footprint: Designator=C6 Old Footprint=C 0402_L New Footprint=C 0402_L
Change Physical Footprint: Designator=C7 Old Footprint=C 0402_L New Footprint=C 0402_L
Change Physical Footprint: Designator=C8 Old Footprint=C 0603_L New Footprint=C 0603_L
Change Physical Footprint: Designator=C9 Old Footprint=C 0402_L New Footprint=C 0402_L
Change Physical Footprint: Designator=C10 Old Footprint=C 0603_L New Footprint=C 0603_L
Change Physical Footprint: Designator=C11 Old Footprint=C 0402_L New Footprint=C 0402_L
Change Physical Footprint: Designator=C12 Old Footprint=C 0402_L New Footprint=C 0402_L
Change Physical Footprint: Designator=C13 Old Footprint=C 0402_L New Footprint=C 0402_L
Change Physical Footprint: Designator=C14 Old Footprint=C 0402_L New Footprint=C 0402_L
Change Physical Footprint: Designator=C15 Old Footprint=C 0402_L New Footprint=C 0402_L
Change Physical Footprint: Designator=C16 Old Footprint=C 0402_L New Footprint=C 0402_L
Change Physical Footprint: Designator=C17 Old Footprint=C 0402_L New Footprint=C 0402_L
Change Physical Footprint: Designator=C18 Old Footprint=C 0402_L New Footprint=C 0402_L
Change Physical Footprint: Designator=C19 Old Footprint=C 0402_L New Footprint=C 0402_L
Change Physical Footprint: Designator=C20 Old Footprint=C 0402_L New Footprint=C 0402_L
Change Physical Footprint: Designator=C21 Old Footprint=C 0402_L New Footprint=C 0402_L
Change Physical Footprint: Designator=C22 Old Footprint=C 0402_L New Footprint=C 0402_L
Change Physical Footprint: Designator=C23 Old Footprint=C 0402_L New Footprint=C 0402_L
Change Physical Footprint: Designator=C24 Old Footprint=C 0603_L New Footprint=C 0603_L
Change Physical Footprint: Designator=C25 Old Footprint=C 0402_L New Footprint=C 0402_L
Change Physical Footprint: Designator=C26 Old Footprint=C 0402_L New Footprint=C 0402_L
Change Physical Footprint: Designator=C27 Old Footprint=C 0402_L New Footprint=C 0402_L
Change Physical Footprint: Designator=C28 Old Footprint=C 0805_L New Footprint=C 0805_L
Change Physical Footprint: Designator=C29 Old Footprint=C 0805_L New Footprint=C 0805_L
Change Physical Footprint: Designator=C30 Old Footprint=C 0402_L New Footprint=C 0402_L
Change Physical Footprint: Designator=C31 Old Footprint=C 0402_L New Footprint=C 0402_L
Change Physical Footprint: Designator=C32 Old Footprint=C 0805_L New Footprint=C 0805_L
Change Physical Footprint: Designator=C33 Old Footprint=C 0805_L New Footprint=C 0805_L
Change Physical Footprint: Designator=C34 Old Footprint=C 0402_L New Footprint=C 0402_L
Change Physical Footprint: Designator=C35 Old Footprint=C 0402_L New Footprint=C 0402_L
Change Physical Footprint: Designator=C36 Old Footprint=C 0402_L New Footprint=C 0402_L
Change Physical Footprint: Designator=C37 Old Footprint=C 0603_L New Footprint=C 0603_L
Change Physical Footprint: Designator=C38 Old Footprint=C 0402_L New Footprint=C 0402_L
Change Physical Footprint: Designator=C39 Old Footprint=C 0805_L New Footprint=C 0805_L
Change Physical Footprint: Designator=DS1 Old Footprint=Z320IT010 New Footprint=Z320IT010
Change Physical Footprint: Designator=JP1 Old Footprint=HDR2.54-WS-4P New Footprint=HDR2.54-WS-4P
Change Physical Footprint: Designator=L1 Old Footprint=L 0402 New Footprint=L 0402
Change Physical Footprint: Designator=L2 Old Footprint=L 0603 New Footprint=L 0603
Change Physical Footprint: Designator=LED1 Old Footprint=LED_0603 New Footprint=LED_0603
Change Physical Footprint: Designator=LS1 Old Footprint=BEEP 5020 New Footprint=BEEP 5020
Change Physical Footprint: Designator=M1 Old Footprint=ESP-M3 New Footprint=ESP-M3
Change Physical Footprint: Designator=Q1 Old Footprint=SOT23-3n New Footprint=SOT23-3n
Change Physical Footprint: Designator=Q2 Old Footprint=SOT23-3n New Footprint=SOT23-3n
Change Physical Footprint: Designator=R1 Old Footprint=R 0402_L New Footprint=R 0402_L
Change Physical Footprint: Designator=R2 Old Footprint=R 0402_L New Footprint=R 0402_L
Change Physical Footprint: Designator=R3 Old Footprint=R 0402_L New Footprint=R 0402_L
Change Physical Footprint: Designator=R4 Old Footprint=RCA-8P4R-0402 New Footprint=RCA-8P4R-0402
Change Physical Footprint: Designator=R5 Old Footprint=R 0402_L New Footprint=R 0402_L
Change Physical Footprint: Designator=R6 Old Footprint=R 0402_L New Footprint=R 0402_L
Change Physical Footprint: Designator=R7 Old Footprint=R 0402_L New Footprint=R 0402_L
Change Physical Footprint: Designator=R8 Old Footprint=R 0402_L New Footprint=R 0402_L
Change Physical Footprint: Designator=R9 Old Footprint=R 0402_L New Footprint=R 0402_L
Change Physical Footprint: Designator=R10 Old Footprint=R 0402_L New Footprint=R 0402_L
Change Physical Footprint: Designator=R11 Old Footprint=R 0402_L New Footprint=R 0402_L
Change Physical Footprint: Designator=R12 Old Footprint=R 0402_L New Footprint=R 0402_L
Change Physical Footprint: Designator=R13 Old Footprint=R 0402_L New Footprint=R 0402_L
Change Physical Footprint: Designator=R14 Old Footprint=R 0402_L New Footprint=R 0402_L
Change Physical Footprint: Designator=R15 Old Footprint=R 0402_L New Footprint=R 0402_L
Change Physical Footprint: Designator=R16 Old Footprint=R 0402_L New Footprint=R 0402_L
Change Physical Footprint: Designator=R17 Old Footprint=R 0402_L New Footprint=R 0402_L
Change Physical Footprint: Designator=R18 Old Footprint=R 0402_L New Footprint=R 0402_L
Change Physical Footprint: Designator=R19 Old Footprint=R 0402_L New Footprint=R 0402_L
Change Physical Footprint: Designator=R20 Old Footprint=R 0402_L New Footprint=R 0402_L
Change Physical Footprint: Designator=R21 Old Footprint=R 0402_L New Footprint=R 0402_L
Change Physical Footprint: Designator=R22 Old Footprint=R 0402_L New Footprint=R 0402_L
Change Physical Footprint: Designator=R23 Old Footprint=R 0402_L New Footprint=R 0402_L
Change Physical Footprint: Designator=R24 Old Footprint=R 0402_L New Footprint=R 0402_L
Change Physical Footprint: Designator=R25 Old Footprint=R 0402_L New Footprint=R 0402_L
Change Physical Footprint: Designator=R26 Old Footprint=R 0402_L New Footprint=R 0402_L
Change Physical Footprint: Designator=R27 Old Footprint=R 0402_L New Footprint=R 0402_L
Change Physical Footprint: Designator=R28 Old Footprint=R 0402_L New Footprint=R 0402_L
Change Physical Footprint: Designator=R29 Old Footprint=R 0402_L New Footprint=R 0402_L
Change Physical Footprint: Designator=S1 Old Footprint=MSK-12C01-07 New Footprint=MSK-12C01-07
Change Physical Footprint: Designator=SW1 Old Footprint=實豝 3*4 New Footprint=實豝 3*4
Change Physical Footprint: Designator=SW2 Old Footprint=實豝 3*4 New Footprint=實豝 3*4
Change Physical Footprint: Designator=SW3 Old Footprint=實豝 3*4 New Footprint=實豝 3*4
Change Physical Footprint: Designator=U1 Old Footprint=WSON-8_5X6MM New Footprint=WSON-8_5X6MM
Change Physical Footprint: Designator=U2 Old Footprint=MSOP10_N New Footprint=MSOP10_N
Change Physical Footprint: Designator=U3 Old Footprint=LQFP48_N New Footprint=LQFP48_N
Change Physical Footprint: Designator=U4 Old Footprint=SOT23-5N New Footprint=SOT23-5N
Change Physical Footprint: Designator=U5 Old Footprint=QFN8 New Footprint=QFN8
Change Physical Footprint: Designator=U6 Old Footprint=DFN-8_L2.5-W2.5-P0.50-BL-EP New Footprint=DFN-8_L2.5-W2.5-P0.50-BL-EP
Change Physical Footprint: Designator=U7 Old Footprint=QFN28 5x5_N New Footprint=QFN28 5x5_N
Change Physical Footprint: Designator=USB1 Old Footprint=USB-TYPE-C_16PIN-MALE-TYPE-C-31-M-12 New Footprint=USB-TYPE-C_16PIN-MALE-TYPE-C-31-M-12
Change Physical Footprint: Designator=X1 Old Footprint=OSC HC-49S New Footprint=OSC HC-49S
Change Physical Footprint: Designator=X2 Old Footprint=FC-135 New Footprint=FC-135
