Added Component: Designator=C17(C 0402_L)
Added Component: Designator=C40(C 0402_L)
Added Component: Designator=C41(C 0402_L)
Added Component: Designator=C42(C 0402_L)
Added Component: Designator=C43(C 0402_L)
Added Component: Designator=JP2(MX 1.25-WI-3P)
Added Component: Designator=OP1(SOT23-5N)
Added Component: Designator=R1(R 0402_L)
Added Component: Designator=R2(R 0402_L)
Added Component: Designator=R30(R 0402_L)
Added Component: Designator=R31(R 0402_L)
Added Component: Designator=R32(R 0402_L)
Added Component: Designator=R33(R 0402_L)
Added Component: Designator=R34(R 0805_L)
Added Pin To Net: NetName=GND Pin=C17-1
Added Pin To Net: NetName=PB1 Pin=C17-2
Added Pin To Net: NetName=GND Pin=C40-2
Added Pin To Net: NetName=GND Pin=C41-2
Added Pin To Net: NetName=GND Pin=C42-1
Added Pin To Net: NetName=PB0 Pin=C43-1
Added Pin To Net: NetName=GND Pin=C43-2
Added Pin To Net: NetName=GND Pin=JP2-2
Added Pin To Net: NetName=GND Pin=OP1-2
Added Pin To Net: NetName=PB1 Pin=R1-2
Added Pin To Net: NetName=PB1 Pin=R2-1
Added Pin To Net: NetName=GND Pin=R2-2
Added Pin To Net: NetName=GND Pin=R30-2
Added Pin To Net: NetName=PB0 Pin=R32-1
Added Pin To Net: NetName=GND Pin=R34-2
Added Pin To Net: NetName=A_IN Pin=C42-2
Added Pin To Net: NetName=A_IN Pin=JP2-3
Added Pin To Net: NetName=A_IN Pin=R33-1
Added Pin To Net: NetName=A_IN Pin=R34-1
Added Net: Name=A_IN
Added Pin To Net: NetName=NetOP1_1 Pin=OP1-1
Added Pin To Net: NetName=NetOP1_1 Pin=R31-1
Added Pin To Net: NetName=NetOP1_1 Pin=R32-2
Added Net: Name=NetOP1_1
Added Pin To Net: NetName=NetOP1_3 Pin=OP1-3
Added Pin To Net: NetName=NetOP1_3 Pin=R33-2
Added Net: Name=NetOP1_3
Added Pin To Net: NetName=NetOP1_4 Pin=OP1-4
Added Pin To Net: NetName=NetOP1_4 Pin=R30-1
Added Pin To Net: NetName=NetOP1_4 Pin=R31-2
Added Net: Name=NetOP1_4
Added Pin To Net: NetName=V_IN Pin=C40-1
Added Pin To Net: NetName=V_IN Pin=JP2-1
Added Pin To Net: NetName=V_IN Pin=R1-1
Added Net: Name=V_IN
Added Pin To Net: NetName=VCC Pin=C41-1
Added Pin To Net: NetName=VCC Pin=OP1-5
Added Net: Name=VCC
Added Class: Name=Analog
Added Room: Name=Analog
